C:\Documents and Settings\DAG\My Documents\Visual Studio 2010\Projects\_Laboratory\TimeZoneLab\archive\Archive_TimeZoneLab.CMD Begin

WWSourceCodeArchiver, version 2.0.11.25045
Begin @ 09/01/2014 19:47:19 (09/02/2014 00:47:19 UTC)

ProjectPath            = C:\Documents and Settings\DAG\My Documents\Visual Studio 2010\Projects\_Laboratory\TimeZoneLab\TimeZoneLab\bin\Release\TimeZoneLab.exe
TargetPath             = C:\COMMON_DATA\Assorted_Zips\program_source\Visual Studio 2010\
Product Type           = ExecutableProgram

Program Directory Name = C:\Documents and Settings\DAG\My Documents\Visual Studio 2010\Projects\_Laboratory\TimeZoneLab\TimeZoneLab\bin\Release
Program File Name      = TimeZoneLab.exe
    File Size          = 41,472
    Create Date (LOC)  = 2014/09/01 19:43:27.025
    Create Date (UTC)  = 2014/09/02 00:43:27.025
    Mod Date (LOC)     = 2014/09/01 19:43:26.994
    Mod Date (UTC)     = 2014/09/02 00:43:26.994
Project Name           = TimeZoneLab
Project Root           = C:\Documents and Settings\DAG\My Documents\Visual Studio 2010\Projects\_Laboratory\TimeZoneLab\
Assembly FullName      = TimeZoneLab, Version=1.0.53.33703, Culture=neutral, PublicKeyToken=null
    BaseName           = TimeZoneLab
    Full Version       = 1.0.53.33703
    Culture            = neutral
    PublicKeyToken     = null

2014/09/01 19:47:19.679 Creating archive.
2014/09/01 19:47:21.836 The archive was successfully created.
2014/09/01 19:47:21.945 Archive flag reset on 81 project files.

Archive FQFN           = C:\COMMON_DATA\Assorted_Zips\program_source\Visual Studio 2010\TimeZoneLab_1_0_53_33703.7z
    File Size          = 200,835
    Create Date (LOC)  = 2014/09/01 19:47:20.008
    Create Date (UTC)  = 2014/09/02 00:47:20.008
    Mod Date (LOC)     = 2014/09/01 19:47:21.836
    Mod Date (UTC)     = 2014/09/02 00:47:21.836

WWSourceCodeArchiver End - 09/01/2014 19:47:22 (09/02/2014 00:47:22 UTC)
Elapsed time: 00:00:03.171
WWPause version 2, 0, 0, 3
Tue 02 Sep 2014 00:47:22 UTC
Mon 01 Sep 2014 19:47:22 Local

Please press RETURN when ready...